<?xml version="1.0" encoding="UTF-8"?>
<!-- Generated by org.testng.reporters.JUnitReportReporter -->
<testsuite hostname="DESKTOP-1A0K5DH" failures="0" tests="3" name="com.ecommerce.testrunner.TestRunner" time="33.174" errors="0" timestamp="04 May 2019 21:08:58 GMT" skipped="0">
  <testcase classname="com.ecommerce.testrunner.TestRunner" name="feature" time="10.961"/>
  <testcase classname="com.ecommerce.testrunner.TestRunner" name="feature" time="12.754"/>
  <testcase classname="com.ecommerce.testrunner.TestRunner" name="feature" time="9.459"/>
</testsuite> <!-- com.ecommerce.testrunner.TestRunner -->
